e:\osisp\lab3\lab3\x64\debug\vc143.pdb
e:\osisp\lab3\lab3\x64\debug\vc143.idb
e:\osisp\lab3\lab3\x64\debug\lab3.obj
e:\osisp\lab3\lab3\x64\debug\lab3.pdb
e:\osisp\lab3\lab3\x64\debug\lab3.tlog\cl.command.1.tlog
e:\osisp\lab3\lab3\x64\debug\lab3.tlog\cl.items.tlog
e:\osisp\lab3\lab3\x64\debug\lab3.tlog\cl.read.1.tlog
e:\osisp\lab3\lab3\x64\debug\lab3.tlog\cl.write.1.tlog
e:\osisp\lab3\lab3\x64\debug\lab3.tlog\link-cvtres.read.1.tlog
e:\osisp\lab3\lab3\x64\debug\lab3.tlog\link-cvtres.write.1.tlog
e:\osisp\lab3\lab3\x64\debug\lab3.tlog\link-rc.read.1.tlog
e:\osisp\lab3\lab3\x64\debug\lab3.tlog\link-rc.write.1.tlog
e:\osisp\lab3\lab3\x64\debug\lab3.tlog\link.12740-cvtres.read.1.tlog
e:\osisp\lab3\lab3\x64\debug\lab3.tlog\link.12740-cvtres.write.1.tlog
e:\osisp\lab3\lab3\x64\debug\lab3.tlog\link.12740-rc.read.1.tlog
e:\osisp\lab3\lab3\x64\debug\lab3.tlog\link.12740-rc.write.1.tlog
e:\osisp\lab3\lab3\x64\debug\lab3.tlog\link.12740.read.1.tlog
e:\osisp\lab3\lab3\x64\debug\lab3.tlog\link.12740.read.3.tlog
e:\osisp\lab3\lab3\x64\debug\lab3.tlog\link.12740.write.1.tlog
e:\osisp\lab3\lab3\x64\debug\lab3.tlog\link.command.1.tlog
e:\osisp\lab3\lab3\x64\debug\lab3.tlog\link.read.1.tlog
e:\osisp\lab3\lab3\x64\debug\lab3.tlog\link.read.3.tlog
e:\osisp\lab3\lab3\x64\debug\lab3.tlog\link.write.1.tlog
